
94/96 chevy impala ss/caprice 9c1 parts $1
http://sfbay.craigslist.org//eby/pts/4604490362.html

94-96 impala ss factory wheels with tires and caps
http://sfbay.craigslist.org//eby/pts/4595679583.html

94 95 96 impala ss caprice lt1 performance parts
http://sfbay.craigslist.org//eby/pts/4610919901.html

2007 Ford Expedition 4D Sport Utility XLT  
http://sfbay.craigslist.org//sby/ctd/4610961165.html

1994-1996 Impala SS stock wheels 
http://sfbay.craigslist.org//eby/pts/4606398813.html

2009 Chevrolet Cobalt 4D Sedan LT  42,559 miles only
http://sfbay.craigslist.org//sby/ctd/4607657988.html

2009 Toyota Camry 4D Sedan   
http://sfbay.craigslist.org//nby/ctd/4596569033.html

2012 Nissan Altima 2.5 S Sedan    
http://sfbay.craigslist.org//sby/ctd/4562211439.html

2008 Toyota FJ Cruiser SUV 4X4 LIFTED !  
http://sacramento.craigslist.org/ctd/4606021431.html

lt1 caprice or impala ss slp smog legal headers
http://modesto.craigslist.org/pts/4504487469.html

Caprice Classic 9c1 Interceptor Inspector's Edition
http://killeen.craigslist.org/cto/4601948207.html

2005 Chevrolet Impala Police Pkg 9C1
http://killeen.craigslist.org/ctd/4608056282.html

For Sale:  1989 Caprice 9c1 Seats
http://killeen.craigslist.org/pts/4553687829.html

1995 9c1 caprice 
http://lubbock.craigslist.org/cto/4579898369.html

Caprice
http://killeen.craigslist.org/cto/4597368240.html

2000 pontiac grand prix
http://waco.craigslist.org/cto/4530570815.html

(2) 1995 Chevrolet Caprice 9C1 LT1 Cars
http://akroncanton.craigslist.org//pts/4560461585.html

1995 Chevrolet Caprice SS 9C1 Clone
http://akroncanton.craigslist.org//cto/4562432523.html

caprice
http://cleveland.craigslist.org/cto/4551995826.html

1993 CHEVY CAPRICE SS
http://columbusga.craigslist.org/cto/4568230644.html

 1996 caprice  lt1 350  9c1 
http://albany.craigslist.org//cto/4609692551.html

1996 Chevy Caprice 9C1
http://albany.craigslist.org//cto/4587509827.html

05 Impala 9C1 
http://albany.craigslist.org//cto/4583970488.html

77-79 Caprice and Impala parts
http://albany.craigslist.org//pts/4548557083.html

2012 Stock T1651 Jeep Wrangler 2dr 4x4 Sport Sport  
http://santafe.craigslist.org/ctd/4596305105.html

Blodgett 9C1-P single deck pizza oven
http://altoona.craigslist.org//bar/4554757252.html

2004 Chevrolet Impala 9c1 - Well Maintained! CLEAN! - $2200 obo
http://pittsburgh.craigslist.org/cto/4611108078.html

CHEVY IMPALA 9C1 POLICE SEATS
http://pittsburgh.craigslist.org/pts/4595281711.html

94 96 impala ss grill/calipers/plugs/new
http://westmd.craigslist.org/pts/4550356858.html

2005 p-71 police interceptor 
http://pittsburgh.craigslist.org/cto/4571898644.html

chevy 5 lug truck wheels restored/new tires
http://westmd.craigslist.org/pts/4537723021.html

94' Chevy Caprice Classic Wagon 
http://cedarrapids.craigslist.org/cto/4585838151.html

2006-13 9C1 police crush box & console 
http://detroit.craigslist.org/wyn/pts/4606342375.html

1996 Chevy Caprice 9c1 cop car 5.7L Corvette Motor
http://detroit.craigslist.org/okl/cto/4543468734.html

2006-10 charger dome light 
http://detroit.craigslist.org/wyn/pts/4611201100.html

2006-14 charger rear springs 
http://detroit.craigslist.org/wyn/pts/4611196857.html

windshield wiper motor and cowel 2006-10 charger
http://detroit.craigslist.org/wyn/pts/4611172669.html

2006-10 Charger front seat
http://detroit.craigslist.org/wyn/pts/4611136022.html

Rubber trunk mat 2006-12 Impala
http://detroit.craigslist.org/wyn/pts/4606415935.html

Federal signal Dynomax MS100 PA speaker
http://detroit.craigslist.org/wyn/pts/4606422249.html

Federal signal Littlite 12 volt flexible light
http://detroit.craigslist.org/wyn/bfs/4606423838.html

Amber Whelen hide a way stobes light kit   
http://detroit.craigslist.org/wyn/bfs/4606420186.html

Radio console 2000-2014 Tahoe Suburban
http://detroit.craigslist.org/wyn/pts/4606336545.html

2006-14 Charger batttery box 
http://detroit.craigslist.org/wyn/pts/4606319464.html

2 Firestone Firehawk GT Pursuit 225/60/R18 Police tires
http://detroit.craigslist.org/okl/pts/4606314262.html

2013 Chevrolet Impala Police Wheels/Tires
http://detroit.craigslist.org/wyn/pts/4576674538.html

1995 White Police Package Caprice LT1
http://washingtondc.craigslist.org/nva/cto/4589733006.html

Caprice/Impala/9C1 Cruise Control Retrofit 89-90
http://baltimore.craigslist.org/pts/4518398361.html

TBI Spacer for GM Truck, Camaro, Caprice
http://baltimore.craigslist.org/pts/4566384788.html

1994 lt1/4l60e/posi rear with disc brakes
http://baltimore.craigslist.org/snw/4587269515.html

1994 caprice 
http://baltimore.craigslist.org/cto/4584360250.html

Center Console 2006-2014 Impala 9C1 Cashmere Tan w/Embroidered Armrest
http://milwaukee.craigslist.org/pts/4565897715.html

2000-2005 Impala Police Blue Console
http://milwaukee.craigslist.org/pts/4504950366.html

2012 Ram 2500 Crew Cab Pickup ST  13,409 miles low mileage
http://asheville.craigslist.org//ctd/4600821896.html

96' Caprice LT1 9C1
http://tricities.craigslist.org/cto/4552676865.html

***CUSTOM*** 2006 Chevy Impala
http://tricities.craigslist.org/cto/4585487243.html

SS Impala 22" Wiper Blades (6) 94-95-96
http://knoxville.craigslist.org/pts/4589535246.html

1993 Chevy Caprice SS 9C1
http://greenville.craigslist.org/cto/4524926225.html

1995 Caprice Impala SS radiator
http://athensga.craigslist.org//pts/4565347083.html

Clean and nice front Seats from 9C1 Caprice cop car
http://atlanta.craigslist.org/wat/pts/4590795410.html

1989 Mint  condition Chevy caprice 5.7 9C1 police package
http://atlanta.craigslist.org/atl/cto/4534674461.html

1995 Impala SS 112k
http://atlanta.craigslist.org/atl/cto/4502013536.html

2008 Land Rover Range Rover Sport SUV 4WD 4dr HSE Java Black  
http://columbus.craigslist.org/ctd/4603450663.html

9C1 Chevrolet Chevy Caprice Silverado Truck Center Cap
http://austin.craigslist.org//pts/4597813385.html

96 Caprice 9c1 Slab
http://austin.craigslist.org//cto/4595507754.html

2013 Stock DU287427 Toyota Camry    
http://austin.craigslist.org//ctd/4584921866.html

(GAS SAVER) 2000 pontiac grand prix
http://austin.craigslist.org//cto/4530572071.html

1995 chevy caprice 93k
http://bakersfield.craigslist.org//cto/4610210308.html

2012 Chevrolet Camaro 2D Coupe   
http://hanford.craigslist.org/ctd/4594720514.html

2010 Toyota Camry Hybrid 4dr Sedan Base Base  
http://visalia.craigslist.org/ctd/4594854137.html

1995 impala woodgrain door pannel moldings 
http://ventura.craigslist.org/pts/4541994304.html

4 (four) 12's (twelves) and 2500 watt hifonics amp
http://batonrouge.craigslist.org//ele/4563856312.html

98 camaro t-tops
http://batonrouge.craigslist.org//cto/4538547460.html

94 9C1 Chevy Caprice
http://lansing.craigslist.org/cto/4610108807.html

2003 Chevy Impala 9C1 Police Package
http://grandrapids.craigslist.org/cto/4582993480.html

1994 chevy caprice 9c1 police 5.7l lt1 engine 
http://grandrapids.craigslist.org/cto/4548542331.html

GM b-body front sway bar used
http://lansing.craigslist.org/pts/4572270581.html

1994 Chevrolet Caprice Classic
http://lansing.craigslist.org/cto/4557922485.html

'89 Box Chevrolet 9c1 (factory OEM Interceptor)
http://houston.craigslist.org/cto/4582228747.html

Super clean 1995 impala ss, excellent conditions
http://houston.craigslist.org/cto/4570053559.html

2010 Nissan Murano    
http://houston.craigslist.org/ctd/4599364619.html

WANTED - Texas DPS Caprice
http://houston.craigslist.org/wan/4521113825.html

1995 Chevrolet Caprice 9C1
http://vancouver.craigslist.ca/van/cto/4607012750.html

80's Chevy Caprice / Impala Police Hubcaps 9C1
http://seattle.craigslist.org/see/pts/4607141878.html

1990 caprice 9c1
http://seattle.craigslist.org/sno/cto/4595563246.html

2006 Impala 3.9L V6 9c1 ford crown victoria interceptor P71
http://seattle.craigslist.org/sno/ctd/4595756380.html

1994-1996 Chevy Caprice / Impala / Roadmaster Factory repair manual 
http://seattle.craigslist.org/see/pts/4602676830.html

94-96 Impala SS 17" OEM wheel - chrome
http://seattle.craigslist.org/sno/pts/4593675343.html

94-96 Impala SS OEM center caps - chrome
http://seattle.craigslist.org/sno/pts/4593675428.html

1990 Chevy Caprice 
http://seattle.craigslist.org/see/cto/4603204101.html

2014 Jeep Patriot 4D Sport Utility Sport  
http://seattle.craigslist.org/see/ctd/4596565439.html

1994 Chevrolet Caprice 9C1 PRICE REDUCED $1800 to $1500
http://minneapolis.craigslist.org/ank/cto/4595751571.html

1995 Chevrolet Caprice LT-1, 9C1. Very clean
http://minneapolis.craigslist.org/dak/cto/4542041464.html

125 Cherished Teddies with Original Boxes
http://minneapolis.craigslist.org/csw/clt/4556020018.html

4l60e rebuildable core
http://minneapolis.craigslist.org/ank/pts/4560078898.html

1992 Chevrolet Caprice "9c1" police special
http://portland.craigslist.org/clk/cto/4607844905.html

2005 Ford F-150 Crew Cab Pickup FX4  only 35,166 miles
http://eugene.craigslist.org/ctd/4609297633.html

 Crown Victoria / charger tire 235/55/17  inch p71 cop car police 
http://portland.craigslist.org/mlt/pts/4610375526.html

(1)  265/60/17 17 inch tire Tahoe cop car police pkg 
http://portland.craigslist.org/mlt/pts/4608778862.html

Dodge charger police console cop car police pkg 
http://portland.craigslist.org/mlt/pts/4605353016.html

caprice impala ss heavy duty sway bar kit
http://portland.craigslist.org/clk/pts/4596569413.html

2013 MINI Coupe 2dr Cooper Cooper  only 4,429 miles
http://portland.craigslist.org/wsc/ctd/4597987085.html

 93 Chevy caprice
http://eugene.craigslist.org/cto/4540419826.html

2008 Dodge Grand Caravan Front-wheel Drive Passenger Van SE SE  
http://billings.craigslist.org//ctd/4591637863.html

2013 RAM 1500 4x4 Crew Cab 140 in. WB Laramie Longhorn Edition Laramie Longhorn 
http://billings.craigslist.org//ctd/4591559739.html

1991 9c1 Chevy caprice
http://billings.craigslist.org//cto/4558865869.html

2006 Nissan Titan - Please contact Layla Haberman
http://wyoming.craigslist.org/ctd/4595198867.html

1995 Caprice 9C1 ex-police car
http://scranton.craigslist.org/cto/4588016449.html

Wanted 96 chevy caprice 9c1
http://syracuse.craigslist.org/wan/4541147736.html

96 impala ss clone..custom lowrider full air ride 22""5000 obo trade
http://scranton.craigslist.org/cto/4537978783.html

Chevrolet Caprice Police Patrol Vehicle Detective 9C1 9C3
http://indianapolis.craigslist.org/cto/4556197266.html

2009 Pontiac G8 wheels, Caprice PPV 9c1
http://indianapolis.craigslist.org/pts/4601077778.html

94 bubble caprice
http://muncie.craigslist.org/cto/4579216841.html

1994 caprice 9c1
http://bn.craigslist.org//cto/4518290657.html

454 Carpice Wagon  '91
http://springfieldil.craigslist.org/cto/4561478399.html

2009 Toyota Camry 4dr Sedan   
http://eastidaho.craigslist.org/ctd/4583300523.html

2004 Dodge Ram 2500 4x4 Quad Cab   
http://eastidaho.craigslist.org/ctd/4566766121.html

2009 Chevy Tahoe SSV / PPV
http://winstonsalem.craigslist.org/cto/4607758357.html

MicroFiber Sofa and Love Seat - BRAND NEW!!!
http://charlotte.craigslist.org/fud/4592237036.html

Stock P8840 2013 Ford Escape Sport Utility SEL  
http://boston.craigslist.org//bmw/ctd/4576602005.html

2009 Hyundai Santa Fe AWD GLS 4dr SUV 4A GLS  
http://boston.craigslist.org//gbs/ctd/4565196917.html

91-96 caprice 9c1 wheels (no tires)
http://worcester.craigslist.org/pts/4595370187.html

1994 9C1 LT1 POLICE EDITION CAPRICE
http://providence.craigslist.org/cto/4600165172.html

1995 Cadillac Fleetwood Brougham *Black*Low Miles*
http://worcester.craigslist.org/cto/4603981877.html

94 9c1 caprice fast fast fast!!!
http://denver.craigslist.org/cto/4526006357.html

IMPALA 9C1 *POLICE EDITION* 
http://bgky.craigslist.org//cto/4593879312.html

TRADE OR SALE 9C1 5.7 LTR CAPRICE POLICE PACKAGE...
http://owensboro.craigslist.org/cto/4609187491.html

1979 Chevrolet Malibu 2 Door
http://nashville.craigslist.org/cto/4608140883.html

1995 caprice
http://mankato.craigslist.org/cto/4604433164.html

05 impala!!!!!!!
http://jacksonville.craigslist.org/cto/4606063796.html

LT1 engine, transmission, and computer
http://jacksonville.craigslist.org/pts/4574839936.html

2007 Chevrolet Impala Police
http://jacksonville.craigslist.org/cto/4608533573.html

2011 Honda CR-V SUV EX-L  
http://jacksonville.craigslist.org/ctd/4605850584.html

1993 CHEVY CAPRICE CLASSIC/IMPALA SS 5.7 liter V8
http://jacksonville.craigslist.org/cto/4600883043.html

Stock 4135B 2013 Jeep Patriot SUV Latitude 4x2  
http://jacksonville.craigslist.org/ctd/4574966521.html

94 caprice 383 stroker
http://buffalo.craigslist.org//cto/4563196944.html

2007 Nissan Maxima Sedan 3.5 SL  
http://quadcities.craigslist.org/ctd/4591283387.html

Caprice Impala SS 9C1 parts
http://cnj.craigslist.org//pts/4586015151.html

FS: (6) 94-96 Impala SS wheels . 
http://cnj.craigslist.org//pts/4610569996.html

'90 CAPRICE PARTS - 9C1 POLICE CAR Updated
http://cnj.craigslist.org//pts/4542663602.html

2001 Chevy Impala 
http://cnj.craigslist.org//cto/4552148474.html

NEW IMPALA 9C1 CENTER CAPS
http://newyork.craigslist.org/stn/pts/4581231839.html

NEW OEM 91 TO 96 CAPRICE 9C1 MARKER LIGHT
http://newyork.craigslist.org/stn/pts/4561712092.html

2008 chevy impala police 9c1
http://newyork.craigslist.org/lgi/ctd/4603872413.html

91-96 Caprice 9C1 Front Air Dam Parts
http://newyork.craigslist.org/lgi/pts/4557528798.html

95 Caprice 9C1
http://newyork.craigslist.org/lgi/cto/4601692565.html

2000-2012 Impala 9C1 rim and tire
http://southjersey.craigslist.org/pts/4596197927.html

Two (2) Chevy Impala 9C1 Police Package Car Center Hub Cap Caps Hubcap
http://newyork.craigslist.org/que/pts/4601575534.html

Impala 91-96  center cap and rim 9C1 police package
http://newjersey.craigslist.org/pts/4600967189.html

center caps & spinners for Chevy truck 9C1 Caprice Impala Roadmaster 
http://southjersey.craigslist.org/pts/4525443669.html

FS: (6) 94-96 Impala SS wheels..
http://philadelphia.craigslist.org/pts/4610569571.html

94 to 96 IMPALA SS/ CAPRICE DIGITAL CLUSTER
http://newyork.craigslist.org/stn/pts/4602092022.html

91 - 96 GM Full Size A/C Parts Chevy, Buick, Caddy
http://newyork.craigslist.org/lgi/pts/4557497395.html

Factory Cat Back Dual Exhaust GM Full Size RWD 
http://newyork.craigslist.org/lgi/pts/4557527640.html

94 caprice classic salvage 350lt1 55k miles posi rear 700 r4
http://philadelphia.craigslist.org/cto/4572978940.html

1991 - 1996 CAPRICE/IMPALA TRUNK  LINER CARPET
http://newjersey.craigslist.org/ptd/4557118307.html

Caprice/impala SS parts 
http://philadelphia.craigslist.org/pts/4548547578.html

impala ss console
http://philadelphia.craigslist.org/pts/4566253145.html

1996 CHEVY CAPRICE 9C1
http://philadelphia.craigslist.org/cto/4569170406.html

2006 Mercedes-Benz E-Class Sedan E350 4MATIC AWD 4dr Sedan  
http://newjersey.craigslist.org/ctd/4588150625.html

2003 Impala 9c1 dor sale or trade
http://philadelphia.craigslist.org/cto/4557213854.html

9C1 Caprice Police Interior Seats - MINT! 95
http://philadelphia.craigslist.org/pts/4555443743.html

94 caprice 9C1 LT1 engine
http://southjersey.craigslist.org/pts/4558293503.html

2008 dodge charger police package HEMI 5.7 V8
http://newjersey.craigslist.org/cto/4566360371.html

1995 Chevy Impala SS
http://southjersey.craigslist.org/cto/4546744223.html

1995 Caprice Red Headliner
http://philadelphia.craigslist.org/pts/4545631822.html

1995 Caprice Rear Seat 
http://philadelphia.craigslist.org/pts/4545630647.html

92 CAPRICE 9C1
http://philadelphia.craigslist.org/cto/4538854349.html
