<!DOCTYPE_HTML>
 <html>
<head>
<title>Not a stingy List</title>
</head>
<body>
<br>
1994 Chevy Caprice 9c1 parting out
<br>
Posted at: Tue Jan 20 12:48:00 2015
<br><a href="http://tampa.craigslist.org/pnl/pts/4855480557.html">http://tampa.craigslist.org/pnl/pts/4855480557.html</a><br><br>
1995 Caprice 9c1 LT1 trade for Harley
<br>
Posted at: Tue Jan 20 11:00:00 2015
<br><a href="http://chicago.craigslist.org//wcl/mcy/4855387222.html">http://chicago.craigslist.org//wcl/mcy/4855387222.html</a><br><br>
2 9C1 wheels
<br>
Posted at: Tue Jan 20 07:37:00 2015
<br><a href="http://chicago.craigslist.org//chc/pts/4855087160.html">http://chicago.craigslist.org//chc/pts/4855087160.html</a><br><br>
lt1 caprice or impala ss slp smog legal headers
<br>
Posted at: Tue Jan 20 06:52:00 2015
<br><a href="http://modesto.craigslist.org/pts/4855170574.html">http://modesto.craigslist.org/pts/4855170574.html</a><br><br>
1995 Caprice, Police package/less Wheels and rear end/rat rod motor
<br>
Posted at: Tue Jan 20 06:48:00 2015
<br><a href="http://phoenix.craigslist.org/nph/pts/4855096483.html">http://phoenix.craigslist.org/nph/pts/4855096483.html</a><br><br>
94-96 Impala SS 17" OEM wheel - chrome
<br>
Posted at: Tue Jan 20 01:05:00 2015
<br><a href="http://seattle.craigslist.org/sno/pts/4854986342.html">http://seattle.craigslist.org/sno/pts/4854986342.html</a><br><br>
94-96 Impala SS OEM center caps - chrome
<br>
Posted at: Tue Jan 20 01:05:00 2015
<br><a href="http://seattle.craigslist.org/sno/pts/4854986356.html">http://seattle.craigslist.org/sno/pts/4854986356.html</a><br><br>
impala 9c1 police for parts
<br>
Posted at: Mon Jan 19 11:04:00 2015
<br><a href="http://chicago.craigslist.org//wcl/pts/4853760005.html">http://chicago.craigslist.org//wcl/pts/4853760005.html</a><br><br>
1996 CAPRICE/IMPALA SS 9C1 POLICE CRUISER
<br>
Posted at: Mon Jan 19 10:47:00 2015
<br><a href="http://semo.craigslist.org/cto/4853726972.html">http://semo.craigslist.org/cto/4853726972.html</a><br><br>
VINTAGE TRAFFIC CONE
<br>
Posted at: Mon Jan 19 10:38:00 2015
<br><a href="http://newyork.craigslist.org/brk/clt/4854810229.html">http://newyork.craigslist.org/brk/clt/4854810229.html</a><br><br>
Certified: 2011 Infiniti G G37 Journey Coupe 2D only 39,711 miles
<br>
Posted at: Mon Jan 19 09:39:00 2015
<br><a href="http://losangeles.craigslist.org/lgb/ctd/4853832794.html">http://losangeles.craigslist.org/lgb/ctd/4853832794.html</a><br><br>
2010 CHEVROLET IMPALA POLICE 9C1 LOW 95K MILES 3.9L 34MPG
<br>
Posted at: Mon Jan 19 09:38:00 2015
<br><a href="http://southbend.craigslist.org/ctd/4854744846.html">http://southbend.craigslist.org/ctd/4854744846.html</a><br><br>
New VW Radiator 1998-2010
<br>
Posted at: Mon Jan 19 09:26:00 2015
<br><a href="http://vancouver.craigslist.ca/van/pts/4854900404.html">http://vancouver.craigslist.ca/van/pts/4854900404.html</a><br><br>
1996 Buick Roadmaster 15x7" Alloy Wheel
<br>
Posted at: Mon Jan 19 09:08:00 2015
<br><a href="http://losangeles.craigslist.org/wst/pts/4853768882.html">http://losangeles.craigslist.org/wst/pts/4853768882.html</a><br><br>
1983 Chevy Malibu Police Cruiser 9c1 BEST OFFER
<br>
Posted at: Mon Jan 19 09:02:00 2015
<br><a href="http://sfbay.craigslist.org/pen/cto/4854883662.html">http://sfbay.craigslist.org/pen/cto/4854883662.html</a><br><br>
03 Impala Police Intercepter
<br>
Posted at: Mon Jan 19 08:45:00 2015
<br><a href="http://annarbor.craigslist.org//cto/4853453199.html">http://annarbor.craigslist.org//cto/4853453199.html</a><br><br>
2007 CHEVROLET IMPALA POLICE 9C1 *LOW 98,000 MILES* 3.9L 34MPG
<br>
Posted at: Mon Jan 19 08:20:00 2015
<br><a href="http://southbend.craigslist.org/ctd/4854647116.html">http://southbend.craigslist.org/ctd/4854647116.html</a><br><br>
03 FORD CROWN VIC POLICE INTERCEPTOR BLACK NO RUST P71
<br>
Posted at: Mon Jan 19 08:16:00 2015
<br><a href="http://chicago.craigslist.org//nwc/cto/4854718699.html">http://chicago.craigslist.org//nwc/cto/4854718699.html</a><br><br>
94-96 Impala SS cat back exhaust GM 9C1 Caprice
<br>
Posted at: Mon Jan 19 07:23:00 2015
<br><a href="http://chicago.craigslist.org//chc/pts/4854651326.html">http://chicago.craigslist.org//chc/pts/4854651326.html</a><br><br>
Chevrolet 350 193 swirl port heads
<br>
Posted at: Mon Jan 19 07:01:00 2015
<br><a href="http://phoenix.craigslist.org/evl/pts/4854700075.html">http://phoenix.craigslist.org/evl/pts/4854700075.html</a><br><br>
94 to 96 IMPALA SS/ CAPRICE DIGITAL CLUSTER
<br>
Posted at: Mon Jan 19 04:10:00 2015
<br><a href="http://newyork.craigslist.org/stn/pts/4854250184.html">http://newyork.craigslist.org/stn/pts/4854250184.html</a><br><br>
1996 9c1 Caprice cloned into a Impala SS
<br>
Posted at: Mon Jan 19 03:54:00 2015
<br><a href="http://peoria.craigslist.org/cto/4854330354.html">http://peoria.craigslist.org/cto/4854330354.html</a><br><br>
2006 Impala Police Wheels
<br>
Posted at: Mon Jan 19 03:47:00 2015
<br><a href="http://sfbay.craigslist.org/pen/pts/4854514770.html">http://sfbay.craigslist.org/pen/pts/4854514770.html</a><br><br>
2009 CHEVROLET IMPALA POLICE PKG. 58K NEW JASPER TRANS. $6995.Md.INSP.
<br>
Posted at: Mon Jan 19 03:06:00 2015
<br><a href="http://baltimore.craigslist.org/cto/4854129777.html">http://baltimore.craigslist.org/cto/4854129777.html</a><br><br>
1991 - 1996 Caprice Classic / Roadmaster Complete 3.08 Posi Axle
<br>
Posted at: Mon Jan 19 02:03:00 2015
<br><a href="http://tampa.craigslist.org/hil/pts/4854003547.html">http://tampa.craigslist.org/hil/pts/4854003547.html</a><br><br>
96 Chevy caprice lt1 350 motor runs great July/15 reg very fast
<br>
Posted at: Mon Jan 19 01:14:00 2015
<br><a href="http://sandiego.craigslist.org/csd/cto/4854256638.html">http://sandiego.craigslist.org/csd/cto/4854256638.html</a><br><br>
Cherish Teddies
<br>
Posted at: Sun Jan 18 11:09:00 2015
<br><a href="http://longisland.craigslist.org/clt/4852301465.html">http://longisland.craigslist.org/clt/4852301465.html</a><br><br>
1994 LT-1 350 motor and computer
<br>
Posted at: Sun Jan 18 10:08:00 2015
<br><a href="http://tampa.craigslist.org/pnl/pts/4852233513.html">http://tampa.craigslist.org/pnl/pts/4852233513.html</a><br><br>
94' Chevy Caprice Classic Wagon
<br>
Posted at: Sun Jan 18 09:35:00 2015
<br><a href="http://cedarrapids.craigslist.org/cto/4852262445.html">http://cedarrapids.craigslist.org/cto/4852262445.html</a><br><br>
2007 Chevrolet Impala Police Package 9C1 $9,000 Negociable
<br>
Posted at: Sun Jan 18 09:23:00 2015
<br><a href="http://newyork.craigslist.org/brk/sop/4853114212.html">http://newyork.craigslist.org/brk/sop/4853114212.html</a><br><br>
03 Mercury Grand Marquis LS Ultimate
<br>
Posted at: Sun Jan 18 09:11:00 2015
<br><a href="http://chicago.craigslist.org//chc/cto/4853162151.html">http://chicago.craigslist.org//chc/cto/4853162151.html</a><br><br>
96 Impala SS Low Mileage Nice Car
<br>
Posted at: Sun Jan 18 08:10:00 2015
<br><a href="http://fortwayne.craigslist.org//cto/4853035846.html">http://fortwayne.craigslist.org//cto/4853035846.html</a><br><br>
*** LT1 For Sale ***
<br>
Posted at: Sun Jan 18 07:15:00 2015
<br><a href="http://texarkana.craigslist.org/pts/4853041092.html">http://texarkana.craigslist.org/pts/4853041092.html</a><br><br>
20 inch 5 lug wheels
<br>
Posted at: Sun Jan 18 05:49:00 2015
<br><a href="http://monterey.craigslist.org/pts/4853078306.html">http://monterey.craigslist.org/pts/4853078306.html</a><br><br>
1995 Chevrolet Caprice 9C1 low miles
<br>
Posted at: Sun Jan 18 01:00:00 2015
<br><a href="http://boston.craigslist.org//sob/cto/4852023213.html">http://boston.craigslist.org//sob/cto/4852023213.html</a><br><br>
Milwaukee Chordless Hammer Drill
<br>
Posted at: Sat Jan 17 11:32:00 2015
<br><a href="http://chicago.craigslist.org//sox/tls/4851118918.html">http://chicago.craigslist.org//sox/tls/4851118918.html</a><br><br>
UNBEATABLE! 2008 Dodge Charger RT 5.7L Hemi Ford Crown Victoria
<br>
Posted at: Sat Jan 17 11:15:00 2015
<br><a href="http://seattle.craigslist.org/sno/ctd/4851303015.html">http://seattle.craigslist.org/sno/ctd/4851303015.html</a><br><br>
2010 Chevrolet Impala 9c1 Police Package
<br>
Posted at: Sat Jan 17 04:43:00 2015
<br><a href="http://tampa.craigslist.org/pnl/ctd/4851543783.html">http://tampa.craigslist.org/pnl/ctd/4851543783.html</a><br><br>
Caprice 9C1 parts car
<br>
Posted at: Sat Jan 17 02:48:00 2015
<br><a href="http://sfbay.craigslist.org/eby/pts/4851636009.html">http://sfbay.craigslist.org/eby/pts/4851636009.html</a><br><br>
1994-1996 Chevy Impala SS Caprice Roadmaster driveshaft
<br>
Posted at: Sat Jan 17 01:41:00 2015
<br><a href="http://boston.craigslist.org//nos/pts/4851244119.html">http://boston.craigslist.org//nos/pts/4851244119.html</a><br><br>
Computer/ECU/ECM for a 95 Caprice 9C1 350 LT1
<br>
Posted at: Fri Jan 16 11:36:00 2015
<br><a href="http://albany.craigslist.org//pts/4849575333.html">http://albany.craigslist.org//pts/4849575333.html</a><br><br>
5x5 rims caprice 9c1 rims impala ss rims
<br>
Posted at: Fri Jan 16 06:01:00 2015
<br><a href="http://sacramento.craigslist.org/wan/4850452162.html">http://sacramento.craigslist.org/wan/4850452162.html</a><br><br>
1979 Chevrolet Malibu Classic Sedan
<br>
Posted at: Fri Jan 16 04:24:00 2015
<br><a href="http://springfield.craigslist.org/cto/4849253124.html">http://springfield.craigslist.org/cto/4849253124.html</a><br><br>
LT1 SBC Cast Iron Heads
<br>
Posted at: Thu Jan 15 11:47:00 2015
<br><a href="http://swva.craigslist.org/pts/4849128500.html">http://swva.craigslist.org/pts/4849128500.html</a><br><br>
1995 CAPRICE 9C1 / LT1
<br>
Posted at: Thu Jan 15 10:37:00 2015
<br><a href="http://washingtondc.craigslist.org/doc/pts/4848007092.html">http://washingtondc.craigslist.org/doc/pts/4848007092.html</a><br><br>
1987 Caprice 9C1
<br>
Posted at: Thu Jan 15 10:32:00 2015
<br><a href="http://hartford.craigslist.org/cto/4849069087.html">http://hartford.craigslist.org/cto/4849069087.html</a><br><br>
Stock AEB42030A 2010 Ford F-350 4x4 SD Crew Cab
<br>
Posted at: Thu Jan 15 10:09:00 2015
<br><a href="http://odessa.craigslist.org/ctd/4848058362.html">http://odessa.craigslist.org/ctd/4848058362.html</a><br><br>
Stock DH327373 2013 Hyundai Elantra 4D Sedan GLS
<br>
Posted at: Thu Jan 15 09:12:00 2015
<br><a href="http://skagit.craigslist.org/ctd/4848168673.html">http://skagit.craigslist.org/ctd/4848168673.html</a><br><br>
Police car equipment and accessories
<br>
Posted at: Thu Jan 15 08:14:00 2015
<br><a href="http://sfbay.craigslist.org/nby/fod/4849103881.html">http://sfbay.craigslist.org/nby/fod/4849103881.html</a><br><br>
1996 CHEVROLET CAPRICE CLASSIC
<br>
Posted at: Thu Jan 15 08:06:00 2015
<br><a href="http://utica.craigslist.org/cto/4847846199.html">http://utica.craigslist.org/cto/4847846199.html</a><br><br>
1988 Chevrolet Caprice LS Brougham 5.0
<br>
Posted at: Thu Jan 15 08:01:00 2015
<br><a href="http://losangeles.craigslist.org/sgv/cto/4848045988.html">http://losangeles.craigslist.org/sgv/cto/4848045988.html</a><br><br>
BUCKET-SEAT-CHEVY-CAPRICE-POLICE-PACKAGE-9C1
<br>
Posted at: Thu Jan 15 06:56:00 2015
<br><a href="http://chicago.craigslist.org//nch/pts/4848908829.html">http://chicago.craigslist.org//nch/pts/4848908829.html</a><br><br>
1996 Chevy Caprice 9C1 26" Irocs 6,500 OBO
<br>
Posted at: Thu Jan 15 06:12:00 2015
<br><a href="http://cleveland.craigslist.org/cto/4848776646.html">http://cleveland.craigslist.org/cto/4848776646.html</a><br><br>
2008 Acura MDX Sport Utility Tech Pkg
<br>
Posted at: Thu Jan 15 02:45:00 2015
<br><a href="http://denver.craigslist.org/ctd/4848645269.html">http://denver.craigslist.org/ctd/4848645269.html</a><br><br>
1993 chevy caprice parts
<br>
Posted at: Wed Jan 14 12:35:00 2015
<br><a href="http://nh.craigslist.org/pts/4846726097.html">http://nh.craigslist.org/pts/4846726097.html</a><br><br>
96 caprice lt1 9c1 interceptor
<br>
Posted at: Wed Jan 14 12:14:00 2015
<br><a href="http://binghamton.craigslist.org//cto/4846685350.html">http://binghamton.craigslist.org//cto/4846685350.html</a><br><br>
2012 Nissan Rogue Sport Utility S
<br>
Posted at: Wed Jan 14 11:01:00 2015
<br><a href="http://cincinnati.craigslist.org//ctd/4846554691.html">http://cincinnati.craigslist.org//ctd/4846554691.html</a><br><br>
1994 9c1 Caprice
<br>
Posted at: Wed Jan 14 10:33:00 2015
<br><a href="http://inlandempire.craigslist.org/cto/4846836639.html">http://inlandempire.craigslist.org/cto/4846836639.html</a><br><br>
Dodge charger police console cop car police pkg
<br>
Posted at: Wed Jan 14 10:14:00 2015
<br><a href="http://portland.craigslist.org/mlt/pts/4846799703.html">http://portland.craigslist.org/mlt/pts/4846799703.html</a><br><br>
(1) 265/60/17 17 inch tire Tahoe cop car police pkg
<br>
Posted at: Wed Jan 14 10:05:00 2015
<br><a href="http://portland.craigslist.org/mlt/pts/4846781657.html">http://portland.craigslist.org/mlt/pts/4846781657.html</a><br><br>
2008 Dodge Charger RT pursuit vehicle
<br>
Posted at: Wed Jan 14 08:24:00 2015
<br><a href="http://seattle.craigslist.org/sno/ctd/4847646231.html">http://seattle.craigslist.org/sno/ctd/4847646231.html</a><br><br>
2008 Ford Crown Victoria P71 Interceptor best deal! 4.6L V8!!!!!!!!!!!
<br>
Posted at: Wed Jan 14 07:58:00 2015
<br><a href="http://seattle.craigslist.org/sno/ctd/4847625967.html">http://seattle.craigslist.org/sno/ctd/4847625967.html</a><br><br>
2006 Chevy Impala - 9C1 Police Interceptor - Push Bar - Very Clean
<br>
Posted at: Wed Jan 14 07:34:00 2015
<br><a href="http://tampa.craigslist.org/pnl/ctd/4847414460.html">http://tampa.craigslist.org/pnl/ctd/4847414460.html</a><br><br>
(2) aceelera 225/55/17 inch tires, like new
<br>
Posted at: Wed Jan 14 05:28:00 2015
<br><a href="http://portland.craigslist.org/mlt/pts/4847477184.html">http://portland.craigslist.org/mlt/pts/4847477184.html</a><br><br>
73-77 Chevelle 78-87 El Camino Monte Carlo 94-96 Impala SS parts
<br>
Posted at: Wed Jan 14 02:58:00 2015
<br><a href="http://kansascity.craigslist.org/pts/4847096244.html">http://kansascity.craigslist.org/pts/4847096244.html</a><br><br>
1996 chevy capric
<br>
Posted at: Tue Jan 13 12:19:00 2015
<br><a href="http://austin.craigslist.org//ctd/4845287844.html">http://austin.craigslist.org//ctd/4845287844.html</a><br><br>
1995 Chevrolet Caprice 9C1
<br>
Posted at: Tue Jan 13 11:50:00 2015
<br><a href="http://washingtondc.craigslist.org/doc/cto/4845116417.html">http://washingtondc.craigslist.org/doc/cto/4845116417.html</a><br><br>
1990 chevy caprice
<br>
Posted at: Tue Jan 13 10:11:00 2015
<br><a href="http://sfbay.craigslist.org/sfc/cto/4845272612.html">http://sfbay.craigslist.org/sfc/cto/4845272612.html</a><br><br>
2006-2012 new GM Steering Wheel (Impala-Monte Carlo)
<br>
Posted at: Tue Jan 13 09:18:00 2015
<br><a href="http://detroit.craigslist.org/okl/pts/4844881745.html">http://detroit.craigslist.org/okl/pts/4844881745.html</a><br><br>
2007 Chevy Impala 9C1
<br>
Posted at: Tue Jan 13 08:18:00 2015
<br><a href="http://orlando.craigslist.org/cto/4845964141.html">http://orlando.craigslist.org/cto/4845964141.html</a><br><br>
* 2008 Chevy Impala * 9C1 Police Package * BLACK Unmarked *
<br>
Posted at: Tue Jan 13 08:14:00 2015
<br><a href="http://tampa.craigslist.org/pnl/ctd/4845959635.html">http://tampa.craigslist.org/pnl/ctd/4845959635.html</a><br><br>
* 2010 Chevy Impala * 9C1 Police Package * Black on Black * 83k Miles
<br>
Posted at: Mon Jan 12 12:18:00 2015
<br><a href="http://tampa.craigslist.org/pnl/ctd/4843610997.html">http://tampa.craigslist.org/pnl/ctd/4843610997.html</a><br><br>
2011 Honda Civic Coupe LX
<br>
Posted at: Mon Jan 12 09:42:00 2015
<br><a href="http://wichita.craigslist.org/ctd/4843433370.html">http://wichita.craigslist.org/ctd/4843433370.html</a><br><br>
95 caprice
<br>
Posted at: Mon Jan 12 09:36:00 2015
<br><a href="http://bakersfield.craigslist.org//cto/4843646087.html">http://bakersfield.craigslist.org//cto/4843646087.html</a><br><br>
Chevy Impala SS Caprice 9C1 complete lower control arm -front left LCA
<br>
Posted at: Mon Jan 12 08:49:00 2015
<br><a href="http://sanantonio.craigslist.org/pts/4844521770.html">http://sanantonio.craigslist.org/pts/4844521770.html</a><br><br>
2008 Chevy Impala 9c1 Police Interceptor
<br>
Posted at: Mon Jan 12 08:26:00 2015
<br><a href="http://york.craigslist.org/cto/4844432290.html">http://york.craigslist.org/cto/4844432290.html</a><br><br>
4L60e transmission $450 o.b.o
<br>
Posted at: Mon Jan 12 08:17:00 2015
<br><a href="http://asheville.craigslist.org//pts/4844421815.html">http://asheville.craigslist.org//pts/4844421815.html</a><br><br>
Police wheels Caprice 91-96 9C1 cop car
<br>
Posted at: Mon Jan 12 05:14:00 2015
<br><a href="http://minneapolis.craigslist.org/dak/pts/4844260369.html">http://minneapolis.craigslist.org/dak/pts/4844260369.html</a><br><br>
1995 Chevy Impala SS
<br>
Posted at: Mon Jan 12 03:40:00 2015
<br><a href="http://phoenix.craigslist.org/wvl/cto/4844208957.html">http://phoenix.craigslist.org/wvl/cto/4844208957.html</a><br><br>
Certified: 2014 Dodge Grand Caravan Van SXT Black
<br>
Posted at: Mon Jan 12 01:57:00 2015
<br><a href="http://lincoln.craigslist.org/ctd/4843923183.html">http://lincoln.craigslist.org/ctd/4843923183.html</a><br><br>
Chevrolet Caprice 9c1 need to sell ASAP
<br>
Posted at: Sun Jan 11 11:31:00 2015
<br><a href="http://tampa.craigslist.org/pnl/cto/4843053189.html">http://tampa.craigslist.org/pnl/cto/4843053189.html</a><br><br>
milwaukee sawzall model 6515-9C1 V18
<br>
Posted at: Sun Jan 11 10:54:00 2015
<br><a href="http://miami.craigslist.org/mdc/tls/4843023098.html">http://miami.craigslist.org/mdc/tls/4843023098.html</a><br><br>
2008 Chevy Impala - 9C1 Police Interceptor - Push Bar - Very Clean
<br>
Posted at: Sun Jan 11 08:46:00 2015
<br><a href="http://tampa.craigslist.org/pnl/ctd/4842896501.html">http://tampa.craigslist.org/pnl/ctd/4842896501.html</a><br><br>
1993 Chevrolet Caprice
<br>
Posted at: Sun Jan 11 07:38:00 2015
<br><a href="http://easternshore.craigslist.org/cto/4842819292.html">http://easternshore.craigslist.org/cto/4842819292.html</a><br><br>
15x7 police 9c1 wheels
<br>
Posted at: Sat Jan 10 12:41:00 2015
<br><a href="http://yakima.craigslist.org/pts/4840507648.html">http://yakima.craigslist.org/pts/4840507648.html</a><br><br>
2011 Chevrolet Malibu 4D Sedan
<br>
Posted at: Sat Jan 10 09:36:00 2015
<br><a href="http://lawton.craigslist.org/ctd/4840730026.html">http://lawton.craigslist.org/ctd/4840730026.html</a><br><br>
Best Deal 2008 Ford Crown Victoria Interceptor
<br>
Posted at: Sat Jan 10 08:47:00 2015
<br><a href="http://seattle.craigslist.org/sno/ctd/4840842191.html">http://seattle.craigslist.org/sno/ctd/4840842191.html</a><br><br>
7 day sale UNBEATABLE! 2008 Dodge Charger Pursuit Vehicle 5.7L Hemi
<br>
Posted at: Sat Jan 10 08:40:00 2015
<br><a href="http://seattle.craigslist.org/sno/ctd/4840830391.html">http://seattle.craigslist.org/sno/ctd/4840830391.html</a><br><br>
1995 Buick Roadmaster
<br>
Posted at: Sat Jan 10 05:24:00 2015
<br><a href="http://tucson.craigslist.org/cto/4841557613.html">http://tucson.craigslist.org/cto/4841557613.html</a><br><br>
GM Chevy Impala SS Caprice 9C1 3.08 rear end gears / ring n pinion
<br>
Posted at: Fri Jan  9 11:16:00 2015
<br><a href="http://sanantonio.craigslist.org/pts/4840422877.html">http://sanantonio.craigslist.org/pts/4840422877.html</a><br><br>
* 2008 Chevy Impala * 9C1 Police Package * Black Unmarked *
<br>
Posted at: Fri Jan  9 10:05:00 2015
<br><a href="http://tampa.craigslist.org/pnl/ctd/4839246183.html">http://tampa.craigslist.org/pnl/ctd/4839246183.html</a><br><br>
1996 Chevy Impala SS LOW MILEAGE
<br>
Posted at: Fri Jan  9 07:50:00 2015
<br><a href="http://denver.craigslist.org/cto/4839227520.html">http://denver.craigslist.org/cto/4839227520.html</a><br><br>
2006-2013 Chevy Impala upper & lower grille
<br>
Posted at: Fri Jan  9 06:41:00 2015
<br><a href="http://minneapolis.craigslist.org/ank/pts/4840183270.html">http://minneapolis.craigslist.org/ank/pts/4840183270.html</a><br><br>
2011 Chevrolet Impala Police 4dr Sdn Police with Door locks, single key locking
<br>
Posted at: Fri Jan  9 06:35:00 2015
<br><a href="http://wilmington.craigslist.org/ctd/4840101160.html">http://wilmington.craigslist.org/ctd/4840101160.html</a><br><br>
2003 Chevy Impala. police interceptor.
<br>
Posted at: Fri Jan  9 03:49:00 2015
<br><a href="http://houston.craigslist.org/cto/4839068113.html">http://houston.craigslist.org/cto/4839068113.html</a><br><br>
Parting out 1995 CHEVROLET CAPRICE Base
<br>
Posted at: Fri Jan  9 01:41:00 2015
<br><a href="http://milwaukee.craigslist.org/ptd/4839729659.html">http://milwaukee.craigslist.org/ptd/4839729659.html</a><br><br>
Nova/Malibu Police Package
<br>
Posted at: Thu Jan  8 11:33:00 2015
<br><a href="http://maine.craigslist.org//cto/4837916578.html">http://maine.craigslist.org//cto/4837916578.html</a><br><br>
1994 Chevy Caprice LT1 5.7L 350
<br>
Posted at: Thu Jan  8 11:31:00 2015
<br><a href="http://skagit.craigslist.org/cto/4838244644.html">http://skagit.craigslist.org/cto/4838244644.html</a><br><br>
2008 GMC Canyon 4x4 Crew Cab 5 ft. box 126 in. WB 53,026 miles only
<br>
Posted at: Thu Jan  8 09:11:00 2015
<br><a href="http://missoula.craigslist.org/ctd/4837878401.html">http://missoula.craigslist.org/ctd/4837878401.html</a><br><br>
1991 Chevy Caprice
<br>
Posted at: Wed Jan  7 11:23:00 2015
<br><a href="http://chicago.craigslist.org//chc/cto/4836506237.html">http://chicago.craigslist.org//chc/cto/4836506237.html</a><br><br>
1995 Chevrolet Caprice SS 9C1 Clone
<br>
Posted at: Wed Jan  7 09:11:00 2015
<br><a href="http://akroncanton.craigslist.org//cto/4837339939.html">http://akroncanton.craigslist.org//cto/4837339939.html</a><br><br>
2009 Chevrolet Silverado 1500 4D Crew Cab LS
<br>
Posted at: Wed Jan  7 09:05:00 2015
<br><a href="http://visalia.craigslist.org/ctd/4836471695.html">http://visalia.craigslist.org/ctd/4836471695.html</a><br><br>
91-96 caprice impala misc parts
<br>
Posted at: Wed Jan  7 08:30:00 2015
<br><a href="http://tucson.craigslist.org/pts/4836308524.html">http://tucson.craigslist.org/pts/4836308524.html</a><br><br>
125 Cherished Teddies with Original Boxes
<br>
Posted at: Wed Jan  7 05:22:00 2015
<br><a href="http://minneapolis.craigslist.org/csw/clt/4836106205.html">http://minneapolis.craigslist.org/csw/clt/4836106205.html</a><br><br>
Chevy Impala 9c1 police package
<br>
Posted at: Wed Jan  7 02:01:00 2015
<br><a href="http://poconos.craigslist.org/cto/4836694069.html">http://poconos.craigslist.org/cto/4836694069.html</a><br><br>
1991 1996 Caprice Impala 9C1 Cop Police steel wheel 15x7 RGR wheel cod
<br>
Posted at: Tue Jan  6 08:18:00 2015
<br><a href="http://newyork.craigslist.org/brx/pts/4835757049.html">http://newyork.craigslist.org/brx/pts/4835757049.html</a><br><br>
parting out 96 caprice 9C1 (police car)
<br>
Posted at: Tue Jan  6 07:40:00 2015
<br><a href="http://eastnc.craigslist.org//pts/4835709578.html">http://eastnc.craigslist.org//pts/4835709578.html</a><br><br>
New GM Impala Police Rim & Center cap
<br>
Posted at: Tue Jan  6 04:45:00 2015
<br><a href="http://detroit.craigslist.org/wyn/pts/4835455216.html">http://detroit.craigslist.org/wyn/pts/4835455216.html</a><br><br>
1994-96 Chevy Impala SS Caprice 9C1 Digital Dash Cluster
<br>
Posted at: Mon Jan  5 09:44:00 2015
<br><a href="http://tampa.craigslist.org/hil/pts/4833098541.html">http://tampa.craigslist.org/hil/pts/4833098541.html</a><br><br>
96 Caprice/Impala SS 9C1
<br>
Posted at: Mon Jan  5 04:37:00 2015
<br><a href="http://carbondale.craigslist.org/cto/4833972888.html">http://carbondale.craigslist.org/cto/4833972888.html</a><br><br>
lt1 5.7 350
<br>
Posted at: Mon Jan  5 03:34:00 2015
<br><a href="http://miami.craigslist.org/brw/pts/4833757863.html">http://miami.craigslist.org/brw/pts/4833757863.html</a><br><br>
94 95 96 impala ss caprice lt1 performance parts
<br>
Posted at: Sun Jan  4 03:30:00 2015
<br><a href="http://sfbay.craigslist.org/eby/pts/4831607218.html">http://sfbay.craigslist.org/eby/pts/4831607218.html</a><br><br>
2009 Chevy Chevrolet Impala, 9C1 Police, low miles
<br>
Posted at: Sun Jan  4 03:20:00 2015
<br><a href="http://cleveland.craigslist.org/cto/4832175898.html">http://cleveland.craigslist.org/cto/4832175898.html</a><br><br>
LT1 5.7 engine w trans complete police package
<br>
Posted at: Sun Jan  4 02:12:00 2015
<br><a href="http://newjersey.craigslist.org/pts/4832062571.html">http://newjersey.craigslist.org/pts/4832062571.html</a><br><br>
1995 Caprice 9C1 Police
<br>
Posted at: Sun Jan  4 01:56:00 2015
<br><a href="http://chicago.craigslist.org//wcl/cto/4832135443.html">http://chicago.craigslist.org//wcl/cto/4832135443.html</a><br><br>
1994 Caprice CUSTOM
<br>
Posted at: Sat Jan  3 09:09:00 2015
<br><a href="http://atlanta.craigslist.org/atl/cto/4830231728.html">http://atlanta.craigslist.org/atl/cto/4830231728.html</a><br><br>
Vehicles needing TLC
<br>
Posted at: Sat Jan  3 07:40:00 2015
<br><a href="http://binghamton.craigslist.org//cto/4830175121.html">http://binghamton.craigslist.org//cto/4830175121.html</a><br><br>
CB two way radio mount with speaker
<br>
Posted at: Sat Jan  3 05:36:00 2015
<br><a href="http://detroit.craigslist.org/wyn/bfs/4831061019.html">http://detroit.craigslist.org/wyn/bfs/4831061019.html</a><br><br>
Yellow Strobe light kit for car or truck
<br>
Posted at: Sat Jan  3 05:35:00 2015
<br><a href="http://detroit.craigslist.org/wyn/bfs/4831059728.html">http://detroit.craigslist.org/wyn/bfs/4831059728.html</a><br><br>
2006-10 Charger batttery cables & battery tray
<br>
Posted at: Sat Jan  3 05:29:00 2015
<br><a href="http://detroit.craigslist.org/wyn/pts/4831050288.html">http://detroit.craigslist.org/wyn/pts/4831050288.html</a><br><br>
95 Caprice 9C1 Iam The Second Owner
<br>
Posted at: Sat Jan  3 02:30:00 2015
<br><a href="http://columbiamo.craigslist.org//cto/4830858183.html">http://columbiamo.craigslist.org//cto/4830858183.html</a><br><br>
2006 Dodge Charger Hemi Black Police
<br>
Posted at: Fri Jan  2 10:51:00 2015
<br><a href="http://chicago.craigslist.org//nwi/cto/4829998351.html">http://chicago.craigslist.org//nwi/cto/4829998351.html</a><br><br>
WTB - Impala, Caprice Cop car, Impala SS 94-96
<br>
Posted at: Fri Jan  2 09:23:00 2015
<br><a href="http://yakima.craigslist.org/cto/4830020786.html">http://yakima.craigslist.org/cto/4830020786.html</a><br><br>
1994 GM 4L60E transmission Caprice 9C1 Police
<br>
Posted at: Fri Jan  2 05:02:00 2015
<br><a href="http://southjersey.craigslist.org/pts/4829524625.html">http://southjersey.craigslist.org/pts/4829524625.html</a><br><br>
2001 chevy impala 9C1
<br>
Posted at: Fri Jan  2 04:15:00 2015
<br><a href="http://wichita.craigslist.org/cto/4829546786.html">http://wichita.craigslist.org/cto/4829546786.html</a><br><br>
3 DOT Safety reflective triangles
<br>
Posted at: Fri Jan  2 03:40:00 2015
<br><a href="http://detroit.craigslist.org/wyn/pts/4829383230.html">http://detroit.craigslist.org/wyn/pts/4829383230.html</a><br><br>
2008 EX POLICE CHEVROLET IMPALA 9C1
<br>
Posted at: Fri Jan  2 02:04:00 2015
<br><a href="http://tampa.craigslist.org/psc/ctd/4829204294.html">http://tampa.craigslist.org/psc/ctd/4829204294.html</a><br><br>
Corvette Air Duct and MAF Wiring Harness
<br>
Posted at: Thu Jan  1 10:47:00 2015
<br><a href="http://norfolk.craigslist.org/pts/4827616779.html">http://norfolk.craigslist.org/pts/4827616779.html</a><br><br>
LT1 / L99 Silicone Radiator Hose set
<br>
Posted at: Thu Jan  1 10:29:00 2015
<br><a href="http://norfolk.craigslist.org/pts/4827600930.html">http://norfolk.craigslist.org/pts/4827600930.html</a><br><br>
9C1 air dam
<br>
Posted at: Thu Jan  1 08:05:00 2015
<br><a href="http://longisland.craigslist.org/pts/4828289388.html">http://longisland.craigslist.org/pts/4828289388.html</a><br><br>
1991-1996 caprice 9c1 wheels and letter tires and 4 caps
<br>
Posted at: Wed Dec 31 12:43:00 2014
<br><a href="http://sfbay.craigslist.org/sfc/pts/4827022302.html">http://sfbay.craigslist.org/sfc/pts/4827022302.html</a><br><br>
GM ULTIMATE TBI MOD with 9C1 injector
<br>
Posted at: Wed Dec 31 11:27:00 2014
<br><a href="http://orlando.craigslist.org/pts/4827386073.html">http://orlando.craigslist.org/pts/4827386073.html</a><br><br>
2005-13 C6 Corvette Black 100th Anniversary Rear Emblem; Centennial OE
<br>
Posted at: Wed Dec 31 02:07:00 2014
<br><a href="http://minneapolis.craigslist.org/ram/pts/4826974583.html">http://minneapolis.craigslist.org/ram/pts/4826974583.html</a><br><br>
96 impala ss
<br>
Posted at: Tue Dec 30 12:53:00 2014
<br><a href="http://norfolk.craigslist.org/cto/4825408809.html">http://norfolk.craigslist.org/cto/4825408809.html</a><br><br>
1995 caprice wagon lt1 police package
<br>
Posted at: Tue Dec 30 10:02:00 2014
<br><a href="http://detroit.craigslist.org/wyn/cto/4825123768.html">http://detroit.craigslist.org/wyn/cto/4825123768.html</a><br><br>
****CL SPECIAL**** 2006 Chevy Impala
<br>
Posted at: Tue Dec 30 09:26:00 2014
<br><a href="http://jacksonville.craigslist.org/ctd/4825081793.html">http://jacksonville.craigslist.org/ctd/4825081793.html</a><br><br>
looking for 96 caprice 9c1 computer
<br>
Posted at: Tue Dec 30 07:22:00 2014
<br><a href="http://allentown.craigslist.org/pts/4824993437.html">http://allentown.craigslist.org/pts/4824993437.html</a><br><br>
Wanted: Chevy Caprice, Impala SS parts / parts cars 94 95 96 wrecked
<br>
Posted at: Mon Dec 29 12:46:00 2014
<br><a href="http://chicago.craigslist.org//nwc/wan/4823364842.html">http://chicago.craigslist.org//nwc/wan/4823364842.html</a><br><br>
1996 9C1 Caprice parts
<br>
Posted at: Mon Dec 29 11:18:00 2014
<br><a href="http://chicago.craigslist.org//wcl/pts/4824849384.html">http://chicago.craigslist.org//wcl/pts/4824849384.html</a><br><br>
1996 Chevrolet Caprice 9C1
<br>
Posted at: Mon Dec 29 03:53:00 2014
<br><a href="http://albany.craigslist.org//bar/4824232291.html">http://albany.craigslist.org//bar/4824232291.html</a><br><br>
1995 police car caprice classic lt1
<br>
Posted at: Mon Dec 29 02:36:00 2014
<br><a href="http://orangecounty.craigslist.org/cto/4824404598.html">http://orangecounty.craigslist.org/cto/4824404598.html</a><br><br>
1992 caprice 9c1 81k
<br>
Posted at: Sun Dec 28 12:20:00 2014
<br><a href="http://philadelphia.craigslist.org/cto/4822462967.html">http://philadelphia.craigslist.org/cto/4822462967.html</a><br><br>
2 day sale!! 2007 Ford Crown Victoria Unbeatable P71 Interceptor
<br>
Posted at: Sun Dec 28 11:06:00 2014
<br><a href="http://seattle.craigslist.org/sno/ctd/4822615366.html">http://seattle.craigslist.org/sno/ctd/4822615366.html</a><br><br>
91-93 Caprice full instrument guage cluster, with tachometer!
<br>
Posted at: Sun Dec 28 09:07:00 2014
<br><a href="http://southjersey.craigslist.org/pts/4823153058.html">http://southjersey.craigslist.org/pts/4823153058.html</a><br><br>
1995 9C1 Rim and Four Center Caps/Hubs
<br>
Posted at: Sat Dec 27 11:22:00 2014
<br><a href="http://newjersey.craigslist.org/pts/4821145237.html">http://newjersey.craigslist.org/pts/4821145237.html</a><br><br>
2007 Toyota Tacoma Truck Access Cab *Clean Vehicle*
<br>
Posted at: Sat Dec 27 10:02:00 2014
<br><a href="http://reno.craigslist.org/ctd/4821304742.html">http://reno.craigslist.org/ctd/4821304742.html</a><br><br>
2008 Mazda RX-8 2dr Car Grand Touring Leather Moonroof Red low 49,734 miles
<br>
Posted at: Sat Dec 27 09:48:00 2014
<br><a href="http://portland.craigslist.org/clc/ctd/4821281854.html">http://portland.craigslist.org/clc/ctd/4821281854.html</a><br><br>
Model cars: ZR1 Corvette,PA state police, PT cruiser,'71 Cuda
<br>
Posted at: Sat Dec 27 01:31:00 2014
<br><a href="http://pennstate.craigslist.org/clt/4821353384.html">http://pennstate.craigslist.org/clt/4821353384.html</a><br><br>
1995 Chevy Caprice 9c1
<br>
Posted at: Sat Dec 27 01:13:00 2014
<br><a href="http://newjersey.craigslist.org/cto/4820826522.html">http://newjersey.craigslist.org/cto/4820826522.html</a><br><br>
1995 chevy caprice 9C1
<br>
Posted at: Fri Dec 26 09:30:00 2014
<br><a href="http://jacksonville.craigslist.org/cto/4819744320.html">http://jacksonville.craigslist.org/cto/4819744320.html</a><br><br>
1986-1993 Chevy Caprice Wheelcover 9C1
<br>
Posted at: Fri Dec 26 05:28:00 2014
<br><a href="http://jerseyshore.craigslist.org/pts/4820420501.html">http://jerseyshore.craigslist.org/pts/4820420501.html</a><br><br>
ISO: dealer selling salvaged Impala Interceptor
<br>
Posted at: Fri Dec 26 02:12:00 2014
<br><a href="http://dallas.craigslist.org//dal/cto/4819614977.html">http://dallas.craigslist.org//dal/cto/4819614977.html</a><br><br>
2013 Jeep Wrangler Unlimited Convertible Sport
<br>
Posted at: Thu Dec 25 10:25:00 2014
<br><a href="http://atlanta.craigslist.org/nat/ctd/4819090046.html">http://atlanta.craigslist.org/nat/ctd/4819090046.html</a><br><br>
Certified: Tahoe 2012 4D Sport Utility LTZ
<br>
Posted at: Thu Dec 25 10:15:00 2014
<br><a href="http://visalia.craigslist.org/ctd/4819187057.html">http://visalia.craigslist.org/ctd/4819187057.html</a><br><br>
1996 Caprice LT1
<br>
Posted at: Mon Dec 22 12:50:00 2014
<br><a href="http://inlandempire.craigslist.org/cto/4816335292.html">http://inlandempire.craigslist.org/cto/4816335292.html</a><br><br>
caprice classic. box chev
<br>
Posted at: Mon Dec 22 12:05:00 2014
<br><a href="http://stockton.craigslist.org/cto/4816266717.html">http://stockton.craigslist.org/cto/4816266717.html</a><br><br>
2013 Ford C-Max Hybrid Hatchback SE
<br>
Posted at: Mon Dec 22 10:43:00 2014
<br><a href="http://peoria.craigslist.org/ctd/4815930731.html">http://peoria.craigslist.org/ctd/4815930731.html</a><br><br>
2012 Infiniti EX35 Sport Utility Journey only 18,323 miles
<br>
Posted at: Mon Dec 22 10:18:00 2014
<br><a href="http://cincinnati.craigslist.org//ctd/4815800604.html">http://cincinnati.craigslist.org//ctd/4815800604.html</a><br><br>
2008 GMC Yukon Denali Sport Utility 4DR 4WD
<br>
Posted at: Mon Dec 22 09:22:00 2014
<br><a href="http://kansascity.craigslist.org/ctd/4815806501.html">http://kansascity.craigslist.org/ctd/4815806501.html</a><br><br>
GM 94 95 96 CHEVY IMPALA SS LONG LEG OG PILLAR SAIL PANEL EMBLEMS
<br>
Posted at: Mon Dec 22 07:52:00 2014
<br><a href="http://losangeles.craigslist.org/sgv/pts/4816811529.html">http://losangeles.craigslist.org/sgv/pts/4816811529.html</a><br><br>
..::[{ HOT }]::.. 2006 Chevrolet Impala Police PKG
<br>
Posted at: Mon Dec 22 02:15:00 2014
<br><a href="http://jacksonville.craigslist.org/ctd/4816185193.html">http://jacksonville.craigslist.org/ctd/4816185193.html</a><br><br>
2014 Toyota Camry Sedan LE
<br>
Posted at: Sun Dec 21 11:19:00 2014
<br><a href="http://washingtondc.craigslist.org/doc/ctd/4814664991.html">http://washingtondc.craigslist.org/doc/ctd/4814664991.html</a><br><br>
GM/Chevrolet Parts - Impala SS/SWB/6.0L
<br>
Posted at: Sun Dec 21 10:23:00 2014
<br><a href="http://dallas.craigslist.org//dal/pts/4814669457.html">http://dallas.craigslist.org//dal/pts/4814669457.html</a><br><br>
FAST 2006 Chevrolet Impala Police Package
<br>
Posted at: Sun Dec 21 09:27:00 2014
<br><a href="http://baltimore.craigslist.org/cto/4815381896.html">http://baltimore.craigslist.org/cto/4815381896.html</a><br><br>
caprice classic
<br>
Posted at: Sun Dec 21 08:17:00 2014
<br><a href="http://miami.craigslist.org/brw/cto/4815318056.html">http://miami.craigslist.org/brw/cto/4815318056.html</a><br><br>
95 Chevy Caprice
<br>
Posted at: Sat Dec 20 12:03:00 2014
<br><a href="http://miami.craigslist.org/brw/cto/4813506081.html">http://miami.craigslist.org/brw/cto/4813506081.html</a><br><br>
Im looking to by 9c1 police box caprice or fire dept HELP HELP
<br>
Posted at: Sat Dec 20 08:17:00 2014
<br><a href="http://myrtlebeach.craigslist.org/wan/4814179421.html">http://myrtlebeach.craigslist.org/wan/4814179421.html</a><br><br>
Impala SS
<br>
Posted at: Sat Dec 20 04:48:00 2014
<br><a href="http://miami.craigslist.org/pbc/cto/4813950303.html">http://miami.craigslist.org/pbc/cto/4813950303.html</a><br><br>
caprice
<br>
Posted at: Sat Dec 20 01:26:00 2014
<br><a href="http://sanantonio.craigslist.org/cto/4813741956.html">http://sanantonio.craigslist.org/cto/4813741956.html</a><br><br>
Caprice 9C1 hubcaps
<br>
Posted at: Fri Dec 19 02:23:00 2014
<br><a href="http://chicago.craigslist.org//wcl/pts/4812495597.html">http://chicago.craigslist.org//wcl/pts/4812495597.html</a><br><br>
`1994/96 Chevrolet intake manifold
<br>
Posted at: Thu Dec 18 11:22:00 2014
<br><a href="http://denver.craigslist.org/pts/4810898664.html">http://denver.craigslist.org/pts/4810898664.html</a><br><br>
1995 caprice lt1 9c1
<br>
Posted at: Thu Dec 18 09:37:00 2014
<br><a href="http://chicago.craigslist.org//nwc/pts/4811624424.html">http://chicago.craigslist.org//nwc/pts/4811624424.html</a><br><br>
94 Caprice 9c1 chevy corvette motor
<br>
Posted at: Thu Dec 18 09:00:00 2014
<br><a href="http://chicago.craigslist.org//sox/cto/4811592309.html">http://chicago.craigslist.org//sox/cto/4811592309.html</a><br><br>
Chevy Impala wheels tires/rims 225/50/16
<br>
Posted at: Thu Dec 18 08:49:00 2014
<br><a href="http://minneapolis.craigslist.org/dak/pts/4811583211.html">http://minneapolis.craigslist.org/dak/pts/4811583211.html</a><br><br>
***1994 9C1 Caprice (Impala SS clone)***
<br>
Posted at: Thu Dec 18 04:32:00 2014
<br><a href="http://corpuschristi.craigslist.org/cto/4810403612.html">http://corpuschristi.craigslist.org/cto/4810403612.html</a><br><br>
1994 SS Inpala Clone
<br>
Posted at: Wed Dec 17 08:00:00 2014
<br><a href="http://newjersey.craigslist.org/cto/4810062341.html">http://newjersey.craigslist.org/cto/4810062341.html</a><br><br>
1994-caprice 9c1
<br>
Posted at: Wed Dec 17 05:11:00 2014
<br><a href="http://kalamazoo.craigslist.org/cto/4809841138.html">http://kalamazoo.craigslist.org/cto/4809841138.html</a><br><br>
94-95 Caprice ECU/ECM LT1 9C1
<br>
Posted at: Tue Dec 16 06:16:00 2014
<br><a href="http://albany.craigslist.org//pts/4808458108.html">http://albany.craigslist.org//pts/4808458108.html</a><br><br>
wanted 1990 caprice 9c1 ( xpolice or govt or taxi)
<br>
Posted at: Tue Dec 16 01:16:00 2014
<br><a href="http://vancouver.craigslist.ca/rds/wan/4808271867.html">http://vancouver.craigslist.ca/rds/wan/4808271867.html</a><br><br>
NEW OEM 91 TO 96 CAPRICE 9C1 MARKER LIGHT
<br>
Posted at: Mon Dec 15 07:00:00 2014
<br><a href="http://newyork.craigslist.org/stn/pts/4805873283.html">http://newyork.craigslist.org/stn/pts/4805873283.html</a><br><br>
NEW IMPALA 9C1 CENTER CAPS
<br>
Posted at: Mon Dec 15 05:39:00 2014
<br><a href="http://newyork.craigslist.org/stn/pts/4805848951.html">http://newyork.craigslist.org/stn/pts/4805848951.html</a><br><br>
94-96 Impala SS or Caprice parts.
<br>
Posted at: Sun Dec 14 06:02:00 2014
<br><a href="http://nashville.craigslist.org/pts/4805424254.html">http://nashville.craigslist.org/pts/4805424254.html</a><br><br>
94 caprice 9C1 LT1 engine
<br>
Posted at: Sun Dec 14 05:59:00 2014
<br><a href="http://southjersey.craigslist.org/pts/4805348814.html">http://southjersey.craigslist.org/pts/4805348814.html</a><br><br>
New Pirelli P6 P225/60R16 97V M+S
<br>
Posted at: Sun Dec 14 03:40:00 2014
<br><a href="http://detroit.craigslist.org/wyn/pts/4804526264.html">http://detroit.craigslist.org/wyn/pts/4804526264.html</a><br><br>
2000-14 New impala police center cap
<br>
Posted at: Sun Dec 14 03:39:00 2014
<br><a href="http://detroit.craigslist.org/wyn/pts/4804526106.html">http://detroit.craigslist.org/wyn/pts/4804526106.html</a><br><br>
2006-14 Impala Driver Door handle
<br>
Posted at: Sun Dec 14 03:37:00 2014
<br><a href="http://detroit.craigslist.org/wyn/pts/4804525568.html">http://detroit.craigslist.org/wyn/pts/4804525568.html</a><br><br>
2006-14 Impala Driver door lock
<br>
Posted at: Sun Dec 14 03:36:00 2014
<br><a href="http://detroit.craigslist.org/wyn/pts/4804525185.html">http://detroit.craigslist.org/wyn/pts/4804525185.html</a><br><br>
2006-14 impala A,B,C Pillars passenger side
<br>
Posted at: Sun Dec 14 03:35:00 2014
<br><a href="http://detroit.craigslist.org/wyn/pts/4804524889.html">http://detroit.craigslist.org/wyn/pts/4804524889.html</a><br><br>
2006-14 impala New chevy bow tie
<br>
Posted at: Sun Dec 14 03:32:00 2014
<br><a href="http://detroit.craigslist.org/wyn/pts/4804524106.html">http://detroit.craigslist.org/wyn/pts/4804524106.html</a><br><br>
2006-13 9C1 police crush box & console
<br>
Posted at: Sun Dec 14 03:27:00 2014
<br><a href="http://detroit.craigslist.org/wyn/pts/4804522599.html">http://detroit.craigslist.org/wyn/pts/4804522599.html</a><br><br>
2006-14 impala Air dam
<br>
Posted at: Sun Dec 14 03:26:00 2014
<br><a href="http://detroit.craigslist.org/wyn/pts/4804522360.html">http://detroit.craigslist.org/wyn/pts/4804522360.html</a><br><br>
2006-10 New oil cooler adapter gasket & bolts
<br>
Posted at: Sun Dec 14 03:23:00 2014
<br><a href="http://detroit.craigslist.org/wyn/pts/4804521493.html">http://detroit.craigslist.org/wyn/pts/4804521493.html</a><br><br>
2006-14 impala belt tentionsor
<br>
Posted at: Sun Dec 14 03:18:00 2014
<br><a href="http://detroit.craigslist.org/wyn/pts/4804520180.html">http://detroit.craigslist.org/wyn/pts/4804520180.html</a><br><br>
2006-14 steering intermedate shaft
<br>
Posted at: Sun Dec 14 03:17:00 2014
<br><a href="http://detroit.craigslist.org/wyn/pts/4804519849.html">http://detroit.craigslist.org/wyn/pts/4804519849.html</a><br><br>
2006-14 impala power steering pump
<br>
Posted at: Sun Dec 14 03:16:00 2014
<br><a href="http://detroit.craigslist.org/wyn/pts/4804519399.html">http://detroit.craigslist.org/wyn/pts/4804519399.html</a><br><br>
Amber Whelen hide a way stobes light kit
<br>
Posted at: Sun Dec 14 03:04:00 2014
<br><a href="http://detroit.craigslist.org/wyn/bfs/4804515702.html">http://detroit.craigslist.org/wyn/bfs/4804515702.html</a><br><br>
Federal signal Dynomax MS100 PA speaker
<br>
Posted at: Sun Dec 14 03:02:00 2014
<br><a href="http://detroit.craigslist.org/wyn/pts/4804515191.html">http://detroit.craigslist.org/wyn/pts/4804515191.html</a><br><br>
1986 Caprice Classic 2200 obo
<br>
Posted at: Sun Dec 14 02:07:00 2014
<br><a href="http://kalamazoo.craigslist.org/cto/4804495686.html">http://kalamazoo.craigslist.org/cto/4804495686.html</a><br><br>
Center Console 2006-2014 Impala 9C1 Cashmere Tan w/Embroidered Armrest
<br>
Posted at: Sat Dec 13 07:00:00 2014
<br><a href="http://milwaukee.craigslist.org/pts/4804239647.html">http://milwaukee.craigslist.org/pts/4804239647.html</a><br><br>
2000-2005 Impala Police Blue Console
<br>
Posted at: Sat Dec 13 06:58:00 2014
<br><a href="http://milwaukee.craigslist.org/pts/4804237173.html">http://milwaukee.craigslist.org/pts/4804237173.html</a><br><br>
TAN Console w/Tip Up Armrest Impala 9C1 Police
<br>
Posted at: Sat Dec 13 06:52:00 2014
<br><a href="http://milwaukee.craigslist.org/pts/4804231726.html">http://milwaukee.craigslist.org/pts/4804231726.html</a><br><br>
LT1 9C1 Intake and Throttle Body
<br>
Posted at: Sat Dec 13 01:45:00 2014
<br><a href="http://indianapolis.craigslist.org/pts/4803712173.html">http://indianapolis.craigslist.org/pts/4803712173.html</a><br><br>
95 Caprice/Impala SS fully built Trade for Grand National
<br>
Posted at: Fri Dec 12 10:40:00 2014
<br><a href="http://detroit.craigslist.org/wyn/pts/4801937620.html">http://detroit.craigslist.org/wyn/pts/4801937620.html</a><br><br>
GM b-body front sway bar used
<br>
Posted at: Fri Dec 12 10:05:00 2014
<br><a href="http://lansing.craigslist.org/pts/4801885107.html">http://lansing.craigslist.org/pts/4801885107.html</a><br><br>
95 caprice ss project
<br>
Posted at: Thu Dec 11 03:17:00 2014
<br><a href="http://desmoines.craigslist.org/cto/4801045837.html">http://desmoines.craigslist.org/cto/4801045837.html</a><br><br>
1994/96 Chevrolet intake manifold
<br>
Posted at: Thu Dec 11 03:02:00 2014
<br><a href="http://denver.craigslist.org/for/4801117532.html">http://denver.craigslist.org/for/4801117532.html</a><br><br>
95 chevy caprice classic impala 9c1 hood ornament complete 94 93 92 91
<br>
Posted at: Thu Dec 11 02:44:00 2014
<br><a href="http://phoenix.craigslist.org/cph/pts/4801088846.html">http://phoenix.craigslist.org/cph/pts/4801088846.html</a><br><br>
94 CHEVY CAPPRICE 9C1 police car
<br>
Posted at: Thu Dec 11 01:39:00 2014
<br><a href="http://sanantonio.craigslist.org/cto/4800879570.html">http://sanantonio.craigslist.org/cto/4800879570.html</a><br><br>
9c1 Chevrolet Caprice Classic
<br>
Posted at: Wed Dec 10 12:33:00 2014
<br><a href="http://sanantonio.craigslist.org/cto/4799249813.html">http://sanantonio.craigslist.org/cto/4799249813.html</a><br><br>
1995 Caprice 9C1
<br>
Posted at: Wed Dec 10 11:39:00 2014
<br><a href="http://stlouis.craigslist.org/cto/4800121353.html">http://stlouis.craigslist.org/cto/4800121353.html</a><br><br>
9c1 rear end
<br>
Posted at: Wed Dec 10 11:12:00 2014
<br><a href="http://atlanta.craigslist.org/atl/wan/4800060161.html">http://atlanta.craigslist.org/atl/wan/4800060161.html</a><br><br>
1996 IMPALA SS 9C1 CLONE
<br>
Posted at: Wed Dec 10 10:08:00 2014
<br><a href="http://charlestonwv.craigslist.org/cto/4800002182.html">http://charlestonwv.craigslist.org/cto/4800002182.html</a><br><br>
HELP! NEED 1 DOGDISH HUBCAP FOR 87-90 CAPRICE POLICE CAR
<br>
Posted at: Wed Dec 10 09:48:00 2014
<br><a href="http://chillicothe.craigslist.org/pts/4799982671.html">http://chillicothe.craigslist.org/pts/4799982671.html</a><br><br>
1994 chevy caprice
<br>
Posted at: Wed Dec 10 06:37:00 2014
<br><a href="http://chambana.craigslist.org/cto/4799835075.html">http://chambana.craigslist.org/cto/4799835075.html</a><br><br>
96 caprice 9c1 lt1 fast
<br>
Posted at: Wed Dec 10 01:34:00 2014
<br><a href="http://columbus.craigslist.org/cto/4798620235.html">http://columbus.craigslist.org/cto/4798620235.html</a><br><br>
2007 Chevy Impala Police 9C1 3.9 Price Drop !!
<br>
Posted at: Tue Dec  9 11:55:00 2014
<br><a href="http://tampa.craigslist.org/pnl/cto/4797499301.html">http://tampa.craigslist.org/pnl/cto/4797499301.html</a><br><br>
1995 95 Carpice 9c1 / impala 5.7 LT1
<br>
Posted at: Tue Dec  9 04:57:00 2014
<br><a href="http://orangecounty.craigslist.org/cto/4798318494.html">http://orangecounty.craigslist.org/cto/4798318494.html</a><br><br>
90s small block 5.7l 350
<br>
Posted at: Mon Dec  8 08:33:00 2014
<br><a href="http://tippecanoe.craigslist.org/pts/4795592743.html">http://tippecanoe.craigslist.org/pts/4795592743.html</a><br><br>
Police center console with arm rest
<br>
Posted at: Sun Dec  7 04:28:00 2014
<br><a href="http://detroit.craigslist.org/wyn/pts/4794868780.html">http://detroit.craigslist.org/wyn/pts/4794868780.html</a><br><br>
94 9c1 Impala caprice classic 96
<br>
Posted at: Sat Dec  6 10:39:00 2014
<br><a href="http://fresno.craigslist.org//cto/4793273413.html">http://fresno.craigslist.org//cto/4793273413.html</a><br><br>
2001 Chevrolet Tahoe 4x4 Local, NO accidents >>> VERY NICE <<<
<br>
Posted at: Fri Dec  5 11:57:00 2014
<br><a href="http://vancouver.craigslist.ca/van/cto/4792688200.html">http://vancouver.craigslist.ca/van/cto/4792688200.html</a><br><br>
A Grown mans car
<br>
Posted at: Fri Dec  5 06:55:00 2014
<br><a href="http://houston.craigslist.org/cto/4792373676.html">http://houston.craigslist.org/cto/4792373676.html</a><br><br>
95 9c1 caprice lt-1 parting out
<br>
Posted at: Thu Dec  4 01:09:00 2014
<br><a href="http://eastnc.craigslist.org//pts/4790166373.html">http://eastnc.craigslist.org//pts/4790166373.html</a><br><br>
95 Caprice Wagon Impala SS Clone
<br>
Posted at: Wed Dec  3 10:03:00 2014
<br><a href="http://monterey.craigslist.org/cto/4789551850.html">http://monterey.craigslist.org/cto/4789551850.html</a><br><br>
77-79 Caprice and Impala parts
<br>
Posted at: Wed Dec  3 08:30:00 2014
<br><a href="http://albany.craigslist.org//pts/4789297545.html">http://albany.craigslist.org//pts/4789297545.html</a><br><br>
WANTED: 94-96 Impala SS Axle
<br>
Posted at: Mon Dec  1 09:12:00 2014
<br><a href="http://greenbay.craigslist.org/pts/4784892963.html">http://greenbay.craigslist.org/pts/4784892963.html</a><br><br>
1996 9C1 Caprice LT1
<br>
Posted at: Mon Dec  1 04:10:00 2014
<br><a href="http://prescott.craigslist.org/cto/4785807232.html">http://prescott.craigslist.org/cto/4785807232.html</a><br><br>
1994 CHEVY CAPRICE. YOU CHOOSE PAINT DESIGN AND COLOR
<br>
Posted at: Mon Dec  1 03:29:00 2014
<br><a href="http://seks.craigslist.org/cto/4785632938.html">http://seks.craigslist.org/cto/4785632938.html</a><br><br>
95 Caprice 9c1
<br>
Posted at: Sat Nov 29 11:29:00 2014
<br><a href="http://cnj.craigslist.org//cto/4783127869.html">http://cnj.craigslist.org//cto/4783127869.html</a><br><br>
(2) 1995 Chevrolet Caprice 9C1 LT1 Cars
<br>
Posted at: Fri Nov 28 11:39:00 2014
<br><a href="http://akroncanton.craigslist.org//pts/4780750002.html">http://akroncanton.craigslist.org//pts/4780750002.html</a><br><br>
Impala 9C1 Police pkg 2006
<br>
Posted at: Fri Nov 28 02:51:00 2014
<br><a href="http://milwaukee.craigslist.org/cto/4781167060.html">http://milwaukee.craigslist.org/cto/4781167060.html</a><br><br>
**2000 Pontiac Grand Prix GTP,300GPX half clone**
<br>
Posted at: Sun Nov 23 03:44:00 2014
<br><a href="http://hartford.craigslist.org/cto/4774955542.html">http://hartford.craigslist.org/cto/4774955542.html</a><br><br>
1995 caprice classic reduced price
<br>
Posted at: Sat Nov 22 11:05:00 2014
<br><a href="http://phoenix.craigslist.org/cph/cto/4774234326.html">http://phoenix.craigslist.org/cph/cto/4774234326.html</a><br><br>
***** Chevy Caprice 9C1 Cop Car Wheel *****
<br>
Posted at: Sat Nov 22 07:05:00 2014
<br><a href="http://inlandempire.craigslist.org/pts/4774112146.html">http://inlandempire.craigslist.org/pts/4774112146.html</a><br><br>
1991-1996 impala caprice parts
<br>
Posted at: Sat Nov 22 05:19:00 2014
<br><a href="http://tucson.craigslist.org/pts/4773947858.html">http://tucson.craigslist.org/pts/4773947858.html</a><br><br>
Chevrolet Caprice PPV 9C1 9C3 G8 SS *IMMACULATE* *ULTRA-RARE*
<br>
Posted at: Fri Nov 21 10:42:00 2014
<br><a href="http://indianapolis.craigslist.org/cto/4771619063.html">http://indianapolis.craigslist.org/cto/4771619063.html</a><br><br>
For Sale: 1989 Caprice 9c1 Seats
<br>
Posted at: Fri Nov 21 09:55:00 2014
<br><a href="http://killeen.craigslist.org/pts/4771641074.html">http://killeen.craigslist.org/pts/4771641074.html</a><br><br>
Caprice Classic 9c1 Interceptor Inspector's Edition
<br>
Posted at: Fri Nov 21 09:39:00 2014
<br><a href="http://killeen.craigslist.org/cto/4771613726.html">http://killeen.craigslist.org/cto/4771613726.html</a><br><br>
1995 caprice classic with impala ss extras
<br>
Posted at: Fri Nov 21 05:31:00 2014
<br><a href="http://tucson.craigslist.org/cto/4772508077.html">http://tucson.craigslist.org/cto/4772508077.html</a><br><br>
porcelain wood tile looks like real wood
<br>
Posted at: Tue Nov 18 12:24:00 2014
<br><a href="http://dallas.craigslist.org//dal/mad/4767288976.html">http://dallas.craigslist.org//dal/mad/4767288976.html</a><br><br>
LT1 engine, transmission, and computer
<br>
Posted at: Tue Nov 18 10:35:00 2014
<br><a href="http://jacksonville.craigslist.org/pts/4766966331.html">http://jacksonville.craigslist.org/pts/4766966331.html</a><br><br>
'00-'05 Monte Carlo Parts! Leather Wheel, DIC & Much More!
<br>
Posted at: Tue Nov 18 06:51:00 2014
<br><a href="http://cleveland.craigslist.org/pts/4767854319.html">http://cleveland.craigslist.org/pts/4767854319.html</a><br><br>
'00-'05 Impala Parts Spoiler, taillights & more
<br>
Posted at: Tue Nov 18 06:44:00 2014
<br><a href="http://cleveland.craigslist.org/pts/4767843528.html">http://cleveland.craigslist.org/pts/4767843528.html</a><br><br>
1 9 8 9 Chevrolet Sedan PD Special
<br>
Posted at: Tue Nov 18 01:25:00 2014
<br><a href="http://dallas.craigslist.org//dal/cto/4767407566.html">http://dallas.craigslist.org//dal/cto/4767407566.html</a><br><br>
95 Chevy caprice 9c1
<br>
Posted at: Sun Nov 16 11:42:00 2014
<br><a href="http://maine.craigslist.org//cto/4764024966.html">http://maine.craigslist.org//cto/4764024966.html</a><br><br>
2005 chevy Impala 3.8 v6 9c1 police package
<br>
Posted at: Mon Nov 10 04:34:00 2014
<br><a href="http://houston.craigslist.org/cto/4755497831.html">http://houston.craigslist.org/cto/4755497831.html</a><br><br>
1996 SS Impala/Caprice Rear End(Posi)
<br>
Posted at: Mon Nov 10 03:16:00 2014
<br><a href="http://inlandempire.craigslist.org/pts/4754456786.html">http://inlandempire.craigslist.org/pts/4754456786.html</a><br><br>
Caprice 9C1
<br>
Posted at: Sat Nov  8 11:29:00 2014
<br><a href="http://monterey.craigslist.org/pts/4753041420.html">http://monterey.craigslist.org/pts/4753041420.html</a><br><br></body>
</html>